This is pdfTeX, Version 3.141592653-2.6-1.40.22 (TeX Live 2021/NixOS.org) (preloaded format=pdflatex 1980.1.1)  23 DEC 2022 16:56
entering extended mode
 restricted \write18 enabled.
 %&-line parsing enabled.
**master.tex
(./master.tex
LaTeX2e <2021-11-15> patch level 1
L3 programming layer <2022-02-24>
(/nix/store/c3q3p5ba3k871p4ln73c6vqn8f7f6hr6-texlive-combined-full-2021-final/s
hare/texmf/tex/latex/base/article.cls
Document Class: article 2021/10/04 v1.4n Standard LaTeX document class

(/nix/store/c3q3p5ba3k871p4ln73c6vqn8f7f6hr6-texlive-combined-full-2021-final/s
hare/texmf/tex/latex/base/size10.clo
File: size10.clo 2021/10/04 v1.4n Standard LaTeX file (size option)
)
\c@part=\count185
\c@section=\count186
\c@subsection=\count187
\c@subsubsection=\count188
\c@paragraph=\count189
\c@subparagraph=\count190
\c@figure=\count191
\c@table=\count192
\abovecaptionskip=\skip47
\belowcaptionskip=\skip48
\bibindent=\dimen138
)
(/nix/store/c3q3p5ba3k871p4ln73c6vqn8f7f6hr6-texlive-combined-full-2021-final/s
hare/texmf/tex/latex/graphics/lscape.sty
Package: lscape 2020/05/28 v3.02 Landscape Pages (DPC)

(/nix/store/c3q3p5ba3k871p4ln73c6vqn8f7f6hr6-texlive-combined-full-2021-final/s
hare/texmf/tex/latex/graphics/graphics.sty
Package: graphics 2021/03/04 v1.4d Standard LaTeX Graphics (DPC,SPQR)

(/nix/store/c3q3p5ba3k871p4ln73c6vqn8f7f6hr6-texlive-combined-full-2021-final/s
hare/texmf/tex/latex/graphics/trig.sty
Package: trig 2021/08/11 v1.11 sin cos tan (DPC)
)
(/nix/store/c3q3p5ba3k871p4ln73c6vqn8f7f6hr6-texlive-combined-full-2021-final/s
hare/texmf/tex/latex/graphics-cfg/graphics.cfg
File: graphics.cfg 2016/06/04 v1.11 sample graphics configuration
)
Package graphics Info: Driver file: pdftex.def on input line 107.

(/nix/store/c3q3p5ba3k871p4ln73c6vqn8f7f6hr6-texlive-combined-full-2021-final/s
hare/texmf/tex/latex/graphics-def/pdftex.def
File: pdftex.def 2020/10/05 v1.2a Graphics/color driver for pdftex
)))
(/nix/store/c3q3p5ba3k871p4ln73c6vqn8f7f6hr6-texlive-combined-full-2021-final/s
hare/texmf/tex/latex/graphics/graphicx.sty
Package: graphicx 2021/09/16 v1.2d Enhanced LaTeX Graphics (DPC,SPQR)

(/nix/store/c3q3p5ba3k871p4ln73c6vqn8f7f6hr6-texlive-combined-full-2021-final/s
hare/texmf/tex/latex/graphics/keyval.sty
Package: keyval 2014/10/28 v1.15 key=value parser (DPC)
\KV@toks@=\toks16
)
\Gin@req@height=\dimen139
\Gin@req@width=\dimen140
)
(/nix/store/c3q3p5ba3k871p4ln73c6vqn8f7f6hr6-texlive-combined-full-2021-final/s
hare/texmf/tex/latex/lipsum/lipsum.sty
(/nix/store/c3q3p5ba3k871p4ln73c6vqn8f7f6hr6-texlive-combined-full-2021-final/s
hare/texmf/tex/latex/l3packages/l3keys2e/l3keys2e.sty
(/nix/store/c3q3p5ba3k871p4ln73c6vqn8f7f6hr6-texlive-combined-full-2021-final/s
hare/texmf/tex/latex/l3kernel/expl3.sty
Package: expl3 2022-02-24 L3 programming layer (loader) 

(/nix/store/c3q3p5ba3k871p4ln73c6vqn8f7f6hr6-texlive-combined-full-2021-final/s
hare/texmf/tex/latex/l3backend/l3backend-pdftex.def
File: l3backend-pdftex.def 2022-02-07 L3 backend support: PDF output (pdfTeX)
\l__color_backend_stack_int=\count193
\l__pdf_internal_box=\box50
))
Package: l3keys2e 2022-01-12 LaTeX2e option processing using LaTeX3 keys
)
Package: lipsum 2021-09-20 v2.7 150 paragraphs of Lorem Ipsum dummy text
\g__lipsum_par_int=\count194
\l__lipsum_a_int=\count195
\l__lipsum_b_int=\count196

(/nix/store/c3q3p5ba3k871p4ln73c6vqn8f7f6hr6-texlive-combined-full-2021-final/s
hare/texmf/tex/latex/lipsum/lipsum.ltd.tex))
(/nix/store/c3q3p5ba3k871p4ln73c6vqn8f7f6hr6-texlive-combined-full-2021-final/s
hare/texmf/tex/latex/tools/multicol.sty
Package: multicol 2021/10/28 v1.9b multicolumn formatting (FMi)
\c@tracingmulticols=\count197
\mult@box=\box51
\multicol@leftmargin=\dimen141
\c@unbalance=\count198
\c@collectmore=\count199
\doublecol@number=\count266
\multicoltolerance=\count267
\multicolpretolerance=\count268
\full@width=\dimen142
\page@free=\dimen143
\premulticols=\dimen144
\postmulticols=\dimen145
\multicolsep=\skip49
\multicolbaselineskip=\skip50
\partial@page=\box52
\last@line=\box53
\maxbalancingoverflow=\dimen146
\mult@rightbox=\box54
\mult@grightbox=\box55
\mult@firstbox=\box56
\mult@gfirstbox=\box57
\@tempa=\box58
\@tempa=\box59
\@tempa=\box60
\@tempa=\box61
\@tempa=\box62
\@tempa=\box63
\@tempa=\box64
\@tempa=\box65
\@tempa=\box66
\@tempa=\box67
\@tempa=\box68
\@tempa=\box69
\@tempa=\box70
\@tempa=\box71
\@tempa=\box72
\@tempa=\box73
\@tempa=\box74
\@tempa=\box75
\@tempa=\box76
\@tempa=\box77
\@tempa=\box78
\@tempa=\box79
\@tempa=\box80
\@tempa=\box81
\@tempa=\box82
\@tempa=\box83
\@tempa=\box84
\@tempa=\box85
\@tempa=\box86
\@tempa=\box87
\@tempa=\box88
\@tempa=\box89
\@tempa=\box90
\@tempa=\box91
\@tempa=\box92
\@tempa=\box93
\c@minrows=\count269
\c@columnbadness=\count270
\c@finalcolumnbadness=\count271
\last@try=\dimen147
\multicolovershoot=\dimen148
\multicolundershoot=\dimen149
\mult@nat@firstbox=\box94
\colbreak@box=\box95
\mc@col@check@num=\count272
)
(/nix/store/c3q3p5ba3k871p4ln73c6vqn8f7f6hr6-texlive-combined-full-2021-final/s
hare/texmf/tex/latex/tcolorbox/tcolorbox.sty
Package: tcolorbox 2022/01/07 version 5.0.2 text color boxes

(/nix/store/c3q3p5ba3k871p4ln73c6vqn8f7f6hr6-texlive-combined-full-2021-final/s
hare/texmf/tex/latex/pgf/basiclayer/pgf.sty
(/nix/store/c3q3p5ba3k871p4ln73c6vqn8f7f6hr6-texlive-combined-full-2021-final/s
hare/texmf/tex/latex/pgf/utilities/pgfrcs.sty
(/nix/store/c3q3p5ba3k871p4ln73c6vqn8f7f6hr6-texlive-combined-full-2021-final/s
hare/texmf/tex/generic/pgf/utilities/pgfutil-common.tex
\pgfutil@everybye=\toks17
\pgfutil@tempdima=\dimen150
\pgfutil@tempdimb=\dimen151

(/nix/store/c3q3p5ba3k871p4ln73c6vqn8f7f6hr6-texlive-combined-full-2021-final/s
hare/texmf/tex/generic/pgf/utilities/pgfutil-common-lists.tex))
(/nix/store/c3q3p5ba3k871p4ln73c6vqn8f7f6hr6-texlive-combined-full-2021-final/s
hare/texmf/tex/generic/pgf/utilities/pgfutil-latex.def
\pgfutil@abb=\box96
)
(/nix/store/c3q3p5ba3k871p4ln73c6vqn8f7f6hr6-texlive-combined-full-2021-final/s
hare/texmf/tex/generic/pgf/utilities/pgfrcs.code.tex
(/nix/store/c3q3p5ba3k871p4ln73c6vqn8f7f6hr6-texlive-combined-full-2021-final/s
hare/texmf/tex/generic/pgf/pgf.revision.tex)
Package: pgfrcs 2021/05/15 v3.1.9a (3.1.9a)
))
Package: pgf 2021/05/15 v3.1.9a (3.1.9a)

(/nix/store/c3q3p5ba3k871p4ln73c6vqn8f7f6hr6-texlive-combined-full-2021-final/s
hare/texmf/tex/latex/pgf/basiclayer/pgfcore.sty
(/nix/store/c3q3p5ba3k871p4ln73c6vqn8f7f6hr6-texlive-combined-full-2021-final/s
hare/texmf/tex/latex/pgf/systemlayer/pgfsys.sty
(/nix/store/c3q3p5ba3k871p4ln73c6vqn8f7f6hr6-texlive-combined-full-2021-final/s
hare/texmf/tex/generic/pgf/systemlayer/pgfsys.code.tex
Package: pgfsys 2021/05/15 v3.1.9a (3.1.9a)

(/nix/store/c3q3p5ba3k871p4ln73c6vqn8f7f6hr6-texlive-combined-full-2021-final/s
hare/texmf/tex/generic/pgf/utilities/pgfkeys.code.tex
\pgfkeys@pathtoks=\toks18
\pgfkeys@temptoks=\toks19

(/nix/store/c3q3p5ba3k871p4ln73c6vqn8f7f6hr6-texlive-combined-full-2021-final/s
hare/texmf/tex/generic/pgf/utilities/pgfkeysfiltered.code.tex
\pgfkeys@tmptoks=\toks20
))
\pgf@x=\dimen152
\pgf@y=\dimen153
\pgf@xa=\dimen154
\pgf@ya=\dimen155
\pgf@xb=\dimen156
\pgf@yb=\dimen157
\pgf@xc=\dimen158
\pgf@yc=\dimen159
\pgf@xd=\dimen160
\pgf@yd=\dimen161
\w@pgf@writea=\write3
\r@pgf@reada=\read2
\c@pgf@counta=\count273
\c@pgf@countb=\count274
\c@pgf@countc=\count275
\c@pgf@countd=\count276
\t@pgf@toka=\toks21
\t@pgf@tokb=\toks22
\t@pgf@tokc=\toks23
\pgf@sys@id@count=\count277

(/nix/store/c3q3p5ba3k871p4ln73c6vqn8f7f6hr6-texlive-combined-full-2021-final/s
hare/texmf/tex/generic/pgf/systemlayer/pgf.cfg
File: pgf.cfg 2021/05/15 v3.1.9a (3.1.9a)
)
Driver file for pgf: pgfsys-pdftex.def

(/nix/store/c3q3p5ba3k871p4ln73c6vqn8f7f6hr6-texlive-combined-full-2021-final/s
hare/texmf/tex/generic/pgf/systemlayer/pgfsys-pdftex.def
File: pgfsys-pdftex.def 2021/05/15 v3.1.9a (3.1.9a)

(/nix/store/c3q3p5ba3k871p4ln73c6vqn8f7f6hr6-texlive-combined-full-2021-final/s
hare/texmf/tex/generic/pgf/systemlayer/pgfsys-common-pdf.def
File: pgfsys-common-pdf.def 2021/05/15 v3.1.9a (3.1.9a)
)))
(/nix/store/c3q3p5ba3k871p4ln73c6vqn8f7f6hr6-texlive-combined-full-2021-final/s
hare/texmf/tex/generic/pgf/systemlayer/pgfsyssoftpath.code.tex
File: pgfsyssoftpath.code.tex 2021/05/15 v3.1.9a (3.1.9a)
\pgfsyssoftpath@smallbuffer@items=\count278
\pgfsyssoftpath@bigbuffer@items=\count279
)
(/nix/store/c3q3p5ba3k871p4ln73c6vqn8f7f6hr6-texlive-combined-full-2021-final/s
hare/texmf/tex/generic/pgf/systemlayer/pgfsysprotocol.code.tex
File: pgfsysprotocol.code.tex 2021/05/15 v3.1.9a (3.1.9a)
))
(/nix/store/c3q3p5ba3k871p4ln73c6vqn8f7f6hr6-texlive-combined-full-2021-final/s
hare/texmf/tex/latex/xcolor/xcolor.sty
Package: xcolor 2021/10/31 v2.13 LaTeX color extensions (UK)

(/nix/store/c3q3p5ba3k871p4ln73c6vqn8f7f6hr6-texlive-combined-full-2021-final/s
hare/texmf/tex/latex/graphics-cfg/color.cfg
File: color.cfg 2016/01/02 v1.6 sample color configuration
)
Package xcolor Info: Driver file: pdftex.def on input line 227.
Package xcolor Info: Model `cmy' substituted by `cmy0' on input line 1352.
Package xcolor Info: Model `hsb' substituted by `rgb' on input line 1356.
Package xcolor Info: Model `RGB' extended on input line 1368.
Package xcolor Info: Model `HTML' substituted by `rgb' on input line 1370.
Package xcolor Info: Model `Hsb' substituted by `hsb' on input line 1371.
Package xcolor Info: Model `tHsb' substituted by `hsb' on input line 1372.
Package xcolor Info: Model `HSB' substituted by `hsb' on input line 1373.
Package xcolor Info: Model `Gray' substituted by `gray' on input line 1374.
Package xcolor Info: Model `wave' substituted by `hsb' on input line 1375.
)
(/nix/store/c3q3p5ba3k871p4ln73c6vqn8f7f6hr6-texlive-combined-full-2021-final/s
hare/texmf/tex/generic/pgf/basiclayer/pgfcore.code.tex
Package: pgfcore 2021/05/15 v3.1.9a (3.1.9a)

(/nix/store/c3q3p5ba3k871p4ln73c6vqn8f7f6hr6-texlive-combined-full-2021-final/s
hare/texmf/tex/generic/pgf/math/pgfmath.code.tex
(/nix/store/c3q3p5ba3k871p4ln73c6vqn8f7f6hr6-texlive-combined-full-2021-final/s
hare/texmf/tex/generic/pgf/math/pgfmathcalc.code.tex
(/nix/store/c3q3p5ba3k871p4ln73c6vqn8f7f6hr6-texlive-combined-full-2021-final/s
hare/texmf/tex/generic/pgf/math/pgfmathutil.code.tex)
(/nix/store/c3q3p5ba3k871p4ln73c6vqn8f7f6hr6-texlive-combined-full-2021-final/s
hare/texmf/tex/generic/pgf/math/pgfmathparser.code.tex
\pgfmath@dimen=\dimen162
\pgfmath@count=\count280
\pgfmath@box=\box97
\pgfmath@toks=\toks24
\pgfmath@stack@operand=\toks25
\pgfmath@stack@operation=\toks26
)
(/nix/store/c3q3p5ba3k871p4ln73c6vqn8f7f6hr6-texlive-combined-full-2021-final/s
hare/texmf/tex/generic/pgf/math/pgfmathfunctions.code.tex
(/nix/store/c3q3p5ba3k871p4ln73c6vqn8f7f6hr6-texlive-combined-full-2021-final/s
hare/texmf/tex/generic/pgf/math/pgfmathfunctions.basic.code.tex)
(/nix/store/c3q3p5ba3k871p4ln73c6vqn8f7f6hr6-texlive-combined-full-2021-final/s
hare/texmf/tex/generic/pgf/math/pgfmathfunctions.trigonometric.code.tex)
(/nix/store/c3q3p5ba3k871p4ln73c6vqn8f7f6hr6-texlive-combined-full-2021-final/s
hare/texmf/tex/generic/pgf/math/pgfmathfunctions.random.code.tex)
(/nix/store/c3q3p5ba3k871p4ln73c6vqn8f7f6hr6-texlive-combined-full-2021-final/s
hare/texmf/tex/generic/pgf/math/pgfmathfunctions.comparison.code.tex)
(/nix/store/c3q3p5ba3k871p4ln73c6vqn8f7f6hr6-texlive-combined-full-2021-final/s
hare/texmf/tex/generic/pgf/math/pgfmathfunctions.base.code.tex)
(/nix/store/c3q3p5ba3k871p4ln73c6vqn8f7f6hr6-texlive-combined-full-2021-final/s
hare/texmf/tex/generic/pgf/math/pgfmathfunctions.round.code.tex)
(/nix/store/c3q3p5ba3k871p4ln73c6vqn8f7f6hr6-texlive-combined-full-2021-final/s
hare/texmf/tex/generic/pgf/math/pgfmathfunctions.misc.code.tex)
(/nix/store/c3q3p5ba3k871p4ln73c6vqn8f7f6hr6-texlive-combined-full-2021-final/s
hare/texmf/tex/generic/pgf/math/pgfmathfunctions.integerarithmetics.code.tex)))

(/nix/store/c3q3p5ba3k871p4ln73c6vqn8f7f6hr6-texlive-combined-full-2021-final/s
hare/texmf/tex/generic/pgf/math/pgfmathfloat.code.tex
\c@pgfmathroundto@lastzeros=\count281
))
(/nix/store/c3q3p5ba3k871p4ln73c6vqn8f7f6hr6-texlive-combined-full-2021-final/s
hare/texmf/tex/generic/pgf/math/pgfint.code.tex)
(/nix/store/c3q3p5ba3k871p4ln73c6vqn8f7f6hr6-texlive-combined-full-2021-final/s
hare/texmf/tex/generic/pgf/basiclayer/pgfcorepoints.code.tex
File: pgfcorepoints.code.tex 2021/05/15 v3.1.9a (3.1.9a)
\pgf@picminx=\dimen163
\pgf@picmaxx=\dimen164
\pgf@picminy=\dimen165
\pgf@picmaxy=\dimen166
\pgf@pathminx=\dimen167
\pgf@pathmaxx=\dimen168
\pgf@pathminy=\dimen169
\pgf@pathmaxy=\dimen170
\pgf@xx=\dimen171
\pgf@xy=\dimen172
\pgf@yx=\dimen173
\pgf@yy=\dimen174
\pgf@zx=\dimen175
\pgf@zy=\dimen176
)
(/nix/store/c3q3p5ba3k871p4ln73c6vqn8f7f6hr6-texlive-combined-full-2021-final/s
hare/texmf/tex/generic/pgf/basiclayer/pgfcorepathconstruct.code.tex
File: pgfcorepathconstruct.code.tex 2021/05/15 v3.1.9a (3.1.9a)
\pgf@path@lastx=\dimen177
\pgf@path@lasty=\dimen178
)
(/nix/store/c3q3p5ba3k871p4ln73c6vqn8f7f6hr6-texlive-combined-full-2021-final/s
hare/texmf/tex/generic/pgf/basiclayer/pgfcorepathusage.code.tex
File: pgfcorepathusage.code.tex 2021/05/15 v3.1.9a (3.1.9a)
\pgf@shorten@end@additional=\dimen179
\pgf@shorten@start@additional=\dimen180
)
(/nix/store/c3q3p5ba3k871p4ln73c6vqn8f7f6hr6-texlive-combined-full-2021-final/s
hare/texmf/tex/generic/pgf/basiclayer/pgfcorescopes.code.tex
File: pgfcorescopes.code.tex 2021/05/15 v3.1.9a (3.1.9a)
\pgfpic=\box98
\pgf@hbox=\box99
\pgf@layerbox@main=\box100
\pgf@picture@serial@count=\count282
)
(/nix/store/c3q3p5ba3k871p4ln73c6vqn8f7f6hr6-texlive-combined-full-2021-final/s
hare/texmf/tex/generic/pgf/basiclayer/pgfcoregraphicstate.code.tex
File: pgfcoregraphicstate.code.tex 2021/05/15 v3.1.9a (3.1.9a)
\pgflinewidth=\dimen181
)
(/nix/store/c3q3p5ba3k871p4ln73c6vqn8f7f6hr6-texlive-combined-full-2021-final/s
hare/texmf/tex/generic/pgf/basiclayer/pgfcoretransformations.code.tex
File: pgfcoretransformations.code.tex 2021/05/15 v3.1.9a (3.1.9a)
\pgf@pt@x=\dimen182
\pgf@pt@y=\dimen183
\pgf@pt@temp=\dimen184
)
(/nix/store/c3q3p5ba3k871p4ln73c6vqn8f7f6hr6-texlive-combined-full-2021-final/s
hare/texmf/tex/generic/pgf/basiclayer/pgfcorequick.code.tex
File: pgfcorequick.code.tex 2021/05/15 v3.1.9a (3.1.9a)
)
(/nix/store/c3q3p5ba3k871p4ln73c6vqn8f7f6hr6-texlive-combined-full-2021-final/s
hare/texmf/tex/generic/pgf/basiclayer/pgfcoreobjects.code.tex
File: pgfcoreobjects.code.tex 2021/05/15 v3.1.9a (3.1.9a)
)
(/nix/store/c3q3p5ba3k871p4ln73c6vqn8f7f6hr6-texlive-combined-full-2021-final/s
hare/texmf/tex/generic/pgf/basiclayer/pgfcorepathprocessing.code.tex
File: pgfcorepathprocessing.code.tex 2021/05/15 v3.1.9a (3.1.9a)
)
(/nix/store/c3q3p5ba3k871p4ln73c6vqn8f7f6hr6-texlive-combined-full-2021-final/s
hare/texmf/tex/generic/pgf/basiclayer/pgfcorearrows.code.tex
File: pgfcorearrows.code.tex 2021/05/15 v3.1.9a (3.1.9a)
\pgfarrowsep=\dimen185
)
(/nix/store/c3q3p5ba3k871p4ln73c6vqn8f7f6hr6-texlive-combined-full-2021-final/s
hare/texmf/tex/generic/pgf/basiclayer/pgfcoreshade.code.tex
File: pgfcoreshade.code.tex 2021/05/15 v3.1.9a (3.1.9a)
\pgf@max=\dimen186
\pgf@sys@shading@range@num=\count283
\pgf@shadingcount=\count284
)
(/nix/store/c3q3p5ba3k871p4ln73c6vqn8f7f6hr6-texlive-combined-full-2021-final/s
hare/texmf/tex/generic/pgf/basiclayer/pgfcoreimage.code.tex
File: pgfcoreimage.code.tex 2021/05/15 v3.1.9a (3.1.9a)

(/nix/store/c3q3p5ba3k871p4ln73c6vqn8f7f6hr6-texlive-combined-full-2021-final/s
hare/texmf/tex/generic/pgf/basiclayer/pgfcoreexternal.code.tex
File: pgfcoreexternal.code.tex 2021/05/15 v3.1.9a (3.1.9a)
\pgfexternal@startupbox=\box101
))
(/nix/store/c3q3p5ba3k871p4ln73c6vqn8f7f6hr6-texlive-combined-full-2021-final/s
hare/texmf/tex/generic/pgf/basiclayer/pgfcorelayers.code.tex
File: pgfcorelayers.code.tex 2021/05/15 v3.1.9a (3.1.9a)
)
(/nix/store/c3q3p5ba3k871p4ln73c6vqn8f7f6hr6-texlive-combined-full-2021-final/s
hare/texmf/tex/generic/pgf/basiclayer/pgfcoretransparency.code.tex
File: pgfcoretransparency.code.tex 2021/05/15 v3.1.9a (3.1.9a)
)
(/nix/store/c3q3p5ba3k871p4ln73c6vqn8f7f6hr6-texlive-combined-full-2021-final/s
hare/texmf/tex/generic/pgf/basiclayer/pgfcorepatterns.code.tex
File: pgfcorepatterns.code.tex 2021/05/15 v3.1.9a (3.1.9a)
)
(/nix/store/c3q3p5ba3k871p4ln73c6vqn8f7f6hr6-texlive-combined-full-2021-final/s
hare/texmf/tex/generic/pgf/basiclayer/pgfcorerdf.code.tex
File: pgfcorerdf.code.tex 2021/05/15 v3.1.9a (3.1.9a)
)))
(/nix/store/c3q3p5ba3k871p4ln73c6vqn8f7f6hr6-texlive-combined-full-2021-final/s
hare/texmf/tex/generic/pgf/modules/pgfmoduleshapes.code.tex
File: pgfmoduleshapes.code.tex 2021/05/15 v3.1.9a (3.1.9a)
\pgfnodeparttextbox=\box102
)
(/nix/store/c3q3p5ba3k871p4ln73c6vqn8f7f6hr6-texlive-combined-full-2021-final/s
hare/texmf/tex/generic/pgf/modules/pgfmoduleplot.code.tex
File: pgfmoduleplot.code.tex 2021/05/15 v3.1.9a (3.1.9a)
)
(/nix/store/c3q3p5ba3k871p4ln73c6vqn8f7f6hr6-texlive-combined-full-2021-final/s
hare/texmf/tex/latex/pgf/compatibility/pgfcomp-version-0-65.sty
Package: pgfcomp-version-0-65 2021/05/15 v3.1.9a (3.1.9a)
\pgf@nodesepstart=\dimen187
\pgf@nodesepend=\dimen188
)
(/nix/store/c3q3p5ba3k871p4ln73c6vqn8f7f6hr6-texlive-combined-full-2021-final/s
hare/texmf/tex/latex/pgf/compatibility/pgfcomp-version-1-18.sty
Package: pgfcomp-version-1-18 2021/05/15 v3.1.9a (3.1.9a)
))
(/nix/store/c3q3p5ba3k871p4ln73c6vqn8f7f6hr6-texlive-combined-full-2021-final/s
hare/texmf/tex/latex/tools/verbatim.sty
Package: verbatim 2020-07-07 v1.5u LaTeX2e package for verbatim enhancements
\every@verbatim=\toks27
\verbatim@line=\toks28
\verbatim@in@stream=\read3
)
(/nix/store/c3q3p5ba3k871p4ln73c6vqn8f7f6hr6-texlive-combined-full-2021-final/s
hare/texmf/tex/latex/environ/environ.sty
Package: environ 2014/05/04 v0.3 A new way to define environments

(/nix/store/c3q3p5ba3k871p4ln73c6vqn8f7f6hr6-texlive-combined-full-2021-final/s
hare/texmf/tex/latex/trimspaces/trimspaces.sty
Package: trimspaces 2009/09/17 v1.1 Trim spaces around a token list
)
\@envbody=\toks29
)
(/nix/store/c3q3p5ba3k871p4ln73c6vqn8f7f6hr6-texlive-combined-full-2021-final/s
hare/texmf/tex/latex/etoolbox/etoolbox.sty
Package: etoolbox 2020/10/05 v2.5k e-TeX tools for LaTeX (JAW)
\etb@tempcnta=\count285
)
\tcb@titlebox=\box103
\tcb@upperbox=\box104
\tcb@lowerbox=\box105
\tcb@phantombox=\box106
\c@tcbbreakpart=\count286
\c@tcblayer=\count287
\c@tcolorbox@number=\count288
\tcb@temp=\box107
\tcb@temp=\box108
\tcb@temp=\box109
\tcb@temp=\box110
)
(/nix/store/c3q3p5ba3k871p4ln73c6vqn8f7f6hr6-texlive-combined-full-2021-final/s
hare/texmf/tex/latex/amsmath/amsmath.sty
Package: amsmath 2021/10/15 v2.17l AMS math features
\@mathmargin=\skip51

For additional information on amsmath, use the `?' option.

(/nix/store/c3q3p5ba3k871p4ln73c6vqn8f7f6hr6-texlive-combined-full-2021-final/s
hare/texmf/tex/latex/amsmath/amstext.sty
Package: amstext 2021/08/26 v2.01 AMS text

(/nix/store/c3q3p5ba3k871p4ln73c6vqn8f7f6hr6-texlive-combined-full-2021-final/s
hare/texmf/tex/latex/amsmath/amsgen.sty
File: amsgen.sty 1999/11/30 v2.0 generic functions
\@emptytoks=\toks30
\ex@=\dimen189
))
(/nix/store/c3q3p5ba3k871p4ln73c6vqn8f7f6hr6-texlive-combined-full-2021-final/s
hare/texmf/tex/latex/amsmath/amsbsy.sty
Package: amsbsy 1999/11/29 v1.2d Bold Symbols
\pmbraise@=\dimen190
)
(/nix/store/c3q3p5ba3k871p4ln73c6vqn8f7f6hr6-texlive-combined-full-2021-final/s
hare/texmf/tex/latex/amsmath/amsopn.sty
Package: amsopn 2021/08/26 v2.02 operator names
)
\inf@bad=\count289
LaTeX Info: Redefining \frac on input line 234.
\uproot@=\count290
\leftroot@=\count291
LaTeX Info: Redefining \overline on input line 399.
\classnum@=\count292
\DOTSCASE@=\count293
LaTeX Info: Redefining \ldots on input line 496.
LaTeX Info: Redefining \dots on input line 499.
LaTeX Info: Redefining \cdots on input line 620.
\Mathstrutbox@=\box111
\strutbox@=\box112
\big@size=\dimen191
LaTeX Font Info:    Redeclaring font encoding OML on input line 743.
LaTeX Font Info:    Redeclaring font encoding OMS on input line 744.
\macc@depth=\count294
\c@MaxMatrixCols=\count295
\dotsspace@=\muskip16
\c@parentequation=\count296
\dspbrk@lvl=\count297
\tag@help=\toks31
\row@=\count298
\column@=\count299
\maxfields@=\count300
\andhelp@=\toks32
\eqnshift@=\dimen192
\alignsep@=\dimen193
\tagshift@=\dimen194
\tagwidth@=\dimen195
\totwidth@=\dimen196
\lineht@=\dimen197
\@envbody=\toks33
\multlinegap=\skip52
\multlinetaggap=\skip53
\mathdisplay@stack=\toks34
LaTeX Info: Redefining \[ on input line 2938.
LaTeX Info: Redefining \] on input line 2939.
)
(/nix/store/c3q3p5ba3k871p4ln73c6vqn8f7f6hr6-texlive-combined-full-2021-final/s
hare/texmf/tex/latex/amsfonts/amsfonts.sty
Package: amsfonts 2013/01/14 v3.01 Basic AMSFonts support
\symAMSa=\mathgroup4
\symAMSb=\mathgroup5
LaTeX Font Info:    Redeclaring math symbol \hbar on input line 98.
LaTeX Font Info:    Overwriting math alphabet `\mathfrak' in version `bold'
(Font)                  U/euf/m/n --> U/euf/b/n on input line 106.
)
(/nix/store/c3q3p5ba3k871p4ln73c6vqn8f7f6hr6-texlive-combined-full-2021-final/s
hare/texmf/tex/latex/geometry/geometry.sty
Package: geometry 2020/01/02 v5.9 Page Geometry

(/nix/store/c3q3p5ba3k871p4ln73c6vqn8f7f6hr6-texlive-combined-full-2021-final/s
hare/texmf/tex/generic/iftex/ifvtex.sty
Package: ifvtex 2019/10/25 v1.7 ifvtex legacy package. Use iftex instead.

(/nix/store/c3q3p5ba3k871p4ln73c6vqn8f7f6hr6-texlive-combined-full-2021-final/s
hare/texmf/tex/generic/iftex/iftex.sty
Package: iftex 2022/02/03 v1.0f TeX engine tests
))
\Gm@cnth=\count301
\Gm@cntv=\count302
\c@Gm@tempcnt=\count303
\Gm@bindingoffset=\dimen198
\Gm@wd@mp=\dimen199
\Gm@odd@mp=\dimen256
\Gm@even@mp=\dimen257
\Gm@layoutwidth=\dimen258
\Gm@layoutheight=\dimen259
\Gm@layouthoffset=\dimen260
\Gm@layoutvoffset=\dimen261
\Gm@dimlist=\toks35
) (./master.aux)
\openout1 = `master.aux'.

LaTeX Font Info:    Checking defaults for OML/cmm/m/it on input line 29.
LaTeX Font Info:    ... okay on input line 29.
LaTeX Font Info:    Checking defaults for OMS/cmsy/m/n on input line 29.
LaTeX Font Info:    ... okay on input line 29.
LaTeX Font Info:    Checking defaults for OT1/cmr/m/n on input line 29.
LaTeX Font Info:    ... okay on input line 29.
LaTeX Font Info:    Checking defaults for T1/cmr/m/n on input line 29.
LaTeX Font Info:    ... okay on input line 29.
LaTeX Font Info:    Checking defaults for TS1/cmr/m/n on input line 29.
LaTeX Font Info:    ... okay on input line 29.
LaTeX Font Info:    Checking defaults for OMX/cmex/m/n on input line 29.
LaTeX Font Info:    ... okay on input line 29.
LaTeX Font Info:    Checking defaults for U/cmr/m/n on input line 29.
LaTeX Font Info:    ... okay on input line 29.

(/nix/store/c3q3p5ba3k871p4ln73c6vqn8f7f6hr6-texlive-combined-full-2021-final/s
hare/texmf/tex/context/base/mkii/supp-pdf.mkii
[Loading MPS to PDF converter (version 2006.09.02).]
\scratchcounter=\count304
\scratchdimen=\dimen262
\scratchbox=\box113
\nofMPsegments=\count305
\nofMParguments=\count306
\everyMPshowfont=\toks36
\MPscratchCnt=\count307
\MPscratchDim=\dimen263
\MPnumerator=\count308
\makeMPintoPDFobject=\count309
\everyMPtoPDFconversion=\toks37
)
(/nix/store/c3q3p5ba3k871p4ln73c6vqn8f7f6hr6-texlive-combined-full-2021-final/s
hare/texmf/tex/latex/epstopdf-pkg/epstopdf-base.sty
Package: epstopdf-base 2020-01-24 v2.11 Base part for package epstopdf
Package epstopdf-base Info: Redefining graphics rule for `.eps' on input line 4
85.

(/nix/store/c3q3p5ba3k871p4ln73c6vqn8f7f6hr6-texlive-combined-full-2021-final/s
hare/texmf/tex/latex/latexconfig/epstopdf-sys.cfg
File: epstopdf-sys.cfg 2010/07/13 v1.3 Configuration of (r)epstopdf for TeX Liv
e
))
*geometry* driver: auto-detecting
*geometry* detected driver: pdftex
*geometry* verbose mode - [ preamble ] result:
* driver: pdftex
* paper: custom
* layout: <same size as paper>
* layoutoffset:(h,v)=(0.0pt,0.0pt)
* modes: 
* h-part:(L,W,R)=(14.22636pt, 665.3397pt, 14.22636pt)
* v-part:(T,H,B)=(28.45274pt, 347.57845pt, 14.22636pt)
* \paperwidth=693.79243pt
* \paperheight=390.25755pt
* \textwidth=665.3397pt
* \textheight=347.57845pt
* \oddsidemargin=-58.04362pt
* \evensidemargin=-58.04362pt
* \topmargin=-80.81725pt
* \headheight=12.0pt
* \headsep=25.0pt
* \topskip=10.0pt
* \footskip=30.0pt
* \marginparwidth=65.0pt
* \marginparsep=11.0pt
* \columnsep=10.0pt
* \skip\footins=9.0pt plus 4.0pt minus 2.0pt
* \hoffset=0.0pt
* \voffset=0.0pt
* \mag=1000
* \@twocolumnfalse
* \@twosidefalse
* \@mparswitchfalse
* \@reversemarginfalse
* (1in=72.27pt=25.4mm, 1cm=28.453pt)

LaTeX Font Info:    Trying to load font information for U+msa on input line 38.


(/nix/store/c3q3p5ba3k871p4ln73c6vqn8f7f6hr6-texlive-combined-full-2021-final/s
hare/texmf/tex/latex/amsfonts/umsa.fd
File: umsa.fd 2013/01/14 v3.01 AMS symbols A
)
LaTeX Font Info:    Trying to load font information for U+msb on input line 38.


(/nix/store/c3q3p5ba3k871p4ln73c6vqn8f7f6hr6-texlive-combined-full-2021-final/s
hare/texmf/tex/latex/amsfonts/umsb.fd
File: umsb.fd 2013/01/14 v3.01 AMS symbols B
)
<../wallpaper.png, id=4, 1927.2pt x 1084.05pt>
File: ../wallpaper.png Graphic file (type png)
<use ../wallpaper.png>
Package pdftex.def Info: ../wallpaper.png  used on input line 82.
(pdftex.def)             Requested size: 693.79149pt x 390.2577pt.
 [1

{/nix/store/c3q3p5ba3k871p4ln73c6vqn8f7f6hr6-texlive-combined-full-2021-final/s
hare/texmf-var/fonts/map/pdftex/updmap/pdftex.map} <../wallpaper.png>] (./maste
r.aux) ) 
Here is how much of TeX's memory you used:
 13337 strings out of 478278
 283485 string characters out of 5819600
 645189 words of memory out of 5000000
 31330 multiletter control sequences out of 15000+600000
 471266 words of font info for 37 fonts, out of 8000000 for 9000
 1141 hyphenation exceptions out of 8191
 83i,11n,89p,439b,547s stack positions out of 5000i,500n,10000p,200000b,80000s
</nix/store/c3q3p5ba3k871p4ln73c6vqn8f7f6hr6-texlive-combined-full-2021
-final/share/texmf/fonts/type1/public/amsfonts/cm/cmbx10.pfb></nix/store/c3q3p5
ba3k871p4ln73c6vqn8f7f6hr6-texlive-combined-full-2021-final/share/texmf/fonts/t
ype1/public/amsfonts/cm/cmex10.pfb></nix/store/c3q3p5ba3k871p4ln73c6vqn8f7f6hr6
-texlive-combined-full-2021-final/share/texmf/fonts/type1/public/amsfonts/cm/cm
mi10.pfb></nix/store/c3q3p5ba3k871p4ln73c6vqn8f7f6hr6-texlive-combined-full-202
1-final/share/texmf/fonts/type1/public/amsfonts/cm/cmmi7.pfb></nix/store/c3q3p5
ba3k871p4ln73c6vqn8f7f6hr6-texlive-combined-full-2021-final/share/texmf/fonts/t
ype1/public/amsfonts/cm/cmr10.pfb></nix/store/c3q3p5ba3k871p4ln73c6vqn8f7f6hr6-
texlive-combined-full-2021-final/share/texmf/fonts/type1/public/amsfonts/cm/cmr
7.pfb></nix/store/c3q3p5ba3k871p4ln73c6vqn8f7f6hr6-texlive-combined-full-2021-f
inal/share/texmf/fonts/type1/public/amsfonts/cm/cmsy10.pfb></nix/store/c3q3p5ba
3k871p4ln73c6vqn8f7f6hr6-texlive-combined-full-2021-final/share/texmf/fonts/typ
e1/public/amsfonts/cm/cmsy7.pfb></nix/store/c3q3p5ba3k871p4ln73c6vqn8f7f6hr6-te
xlive-combined-full-2021-final/share/texmf/fonts/type1/public/amsfonts/symbols/
msbm10.pfb>
Output written on master.pdf (1 page, 4732545 bytes).
PDF statistics:
 57 PDF objects out of 1000 (max. 8388607)
 34 compressed objects within 1 object stream
 0 named destinations out of 1000 (max. 500000)
 18 words of extra memory for PDF output out of 10000 (max. 10000000)

